0 info it worked if it ends with ok
1 verbose cli [ '/usr/local/bin/node',
1 verbose cli   '/usr/local/bin/npm',
1 verbose cli   'run',
1 verbose cli   'start:dev' ]
2 info using npm@3.8.3
3 info using node@v5.10.1
4 verbose run-script [ 'prestart:dev', 'start:dev', 'poststart:dev' ]
5 info lifecycle poem_for_your_sprog_tribute@1.0.1~prestart:dev: poem_for_your_sprog_tribute@1.0.1
6 silly lifecycle poem_for_your_sprog_tribute@1.0.1~prestart:dev: no script for prestart:dev, continuing
7 info lifecycle poem_for_your_sprog_tribute@1.0.1~start:dev: poem_for_your_sprog_tribute@1.0.1
8 verbose lifecycle poem_for_your_sprog_tribute@1.0.1~start:dev: unsafe-perm in lifecycle true
9 verbose lifecycle poem_for_your_sprog_tribute@1.0.1~start:dev: PATH: /usr/local/lib/node_modules/npm/bin/node-gyp-bin:/Users/benspeir/Workspace/poem_for_your_sprog/node_modules/.bin:/usr/local/bin:/Library/Frameworks/Python.framework/Versions/3.4/bin:/usr/bin:/bin:/usr/sbin:/sbin:/usr/local/bin:/opt/X11/bin
10 verbose lifecycle poem_for_your_sprog_tribute@1.0.1~start:dev: CWD: /Users/benspeir/Workspace/poem_for_your_sprog
11 silly lifecycle poem_for_your_sprog_tribute@1.0.1~start:dev: Args: [ '-c', 'NODE_ENV=dev node server.js' ]
12 silly lifecycle poem_for_your_sprog_tribute@1.0.1~start:dev: Returned: code: 1  signal: null
13 info lifecycle poem_for_your_sprog_tribute@1.0.1~start:dev: Failed to exec start:dev script
14 verbose stack Error: poem_for_your_sprog_tribute@1.0.1 start:dev: `NODE_ENV=dev node server.js`
14 verbose stack Exit status 1
14 verbose stack     at EventEmitter.<anonymous> (/usr/local/lib/node_modules/npm/lib/utils/lifecycle.js:239:16)
14 verbose stack     at emitTwo (events.js:100:13)
14 verbose stack     at EventEmitter.emit (events.js:185:7)
14 verbose stack     at ChildProcess.<anonymous> (/usr/local/lib/node_modules/npm/lib/utils/spawn.js:24:14)
14 verbose stack     at emitTwo (events.js:100:13)
14 verbose stack     at ChildProcess.emit (events.js:185:7)
14 verbose stack     at maybeClose (internal/child_process.js:850:16)
14 verbose stack     at Process.ChildProcess._handle.onexit (internal/child_process.js:215:5)
15 verbose pkgid poem_for_your_sprog_tribute@1.0.1
16 verbose cwd /Users/benspeir/Workspace/poem_for_your_sprog
17 error Darwin 15.5.0
18 error argv "/usr/local/bin/node" "/usr/local/bin/npm" "run" "start:dev"
19 error node v5.10.1
20 error npm  v3.8.3
21 error code ELIFECYCLE
22 error poem_for_your_sprog_tribute@1.0.1 start:dev: `NODE_ENV=dev node server.js`
22 error Exit status 1
23 error Failed at the poem_for_your_sprog_tribute@1.0.1 start:dev script 'NODE_ENV=dev node server.js'.
23 error Make sure you have the latest version of node.js and npm installed.
23 error If you do, this is most likely a problem with the poem_for_your_sprog_tribute package,
23 error not with npm itself.
23 error Tell the author that this fails on your system:
23 error     NODE_ENV=dev node server.js
23 error You can get information on how to open an issue for this project with:
23 error     npm bugs poem_for_your_sprog_tribute
23 error Or if that isn't available, you can get their info via:
23 error     npm owner ls poem_for_your_sprog_tribute
23 error There is likely additional logging output above.
24 verbose exit [ 1, true ]
